<?xml version="1.0" encoding="UTF-8"?>
<!-- Generated by org.testng.reporters.JUnitReportReporter -->
<testsuite hostname="LAPTOP-2GPD92DT" failures="0" tests="5" name="com.challenge.test.RunCucumberTest" time="72.952" errors="0" timestamp="2022-10-10T15:33:54 ART" skipped="0">
  <testcase classname="com.challenge.test.RunCucumberTest" name="runScenario" time="16.784"/>
  <system-out/>
  <testcase classname="com.challenge.test.RunCucumberTest" name="runScenario" time="14.467"/>
  <system-out/>
  <testcase classname="com.challenge.test.RunCucumberTest" name="runScenario" time="9.799"/>
  <system-out/>
  <testcase classname="com.challenge.test.RunCucumberTest" name="runScenario" time="14.287"/>
  <system-out/>
  <testcase classname="com.challenge.test.RunCucumberTest" name="runScenario" time="17.615"/>
  <system-out/>
</testsuite> <!-- com.challenge.test.RunCucumberTest -->
