<?xml version="1.0" encoding="UTF-8"?>
<!-- Generated by org.testng.reporters.JUnitReportReporter -->
<testsuite hostname="LAPTOP-2GPD92DT" failures="0" tests="5" name="com.challenge.test.RunCucumberTest" time="67.394" errors="0" timestamp="2022-10-10T00:06:06 ART" skipped="0">
  <testcase classname="com.challenge.test.RunCucumberTest" name="runScenario" time="12.347"/>
  <system-out/>
  <testcase classname="com.challenge.test.RunCucumberTest" name="runScenario" time="16.875"/>
  <system-out/>
  <testcase classname="com.challenge.test.RunCucumberTest" name="runScenario" time="14.775"/>
  <system-out/>
  <testcase classname="com.challenge.test.RunCucumberTest" name="runScenario" time="9.293"/>
  <system-out/>
  <testcase classname="com.challenge.test.RunCucumberTest" name="runScenario" time="14.104"/>
  <system-out/>
</testsuite> <!-- com.challenge.test.RunCucumberTest -->
